<?xml version="1.0" encoding="UTF-8"?>
<testng-results ignored="0" total="1" passed="1" failed="0" skipped="0">
  <reporter-output>
  </reporter-output>
  <suite started-at="2023-06-29T11:59:57 EEST" name="Sign In suite" finished-at="2023-06-29T12:00:14 EEST" duration-ms="16983">
    <groups>
    </groups>
    <test started-at="2023-06-29T11:59:57 EEST" name="Sign In test" finished-at="2023-06-29T12:00:14 EEST" duration-ms="16983">
      <class name="org.example.SignInTest">
        <test-method is-config="true" signature="setUp()[pri:0, instance:org.example.SignInTest@6892b3b6]" started-at="2023-06-29T11:59:57 EEST" name="setUp" finished-at="2023-06-29T12:00:09 EEST" duration-ms="11385" status="PASS">
          <reporter-output>
          </reporter-output>
        </test-method> <!-- setUp -->
        <test-method signature="signInTest()[pri:0, instance:org.example.SignInTest@6892b3b6]" started-at="2023-06-29T12:00:09 EEST" name="signInTest" finished-at="2023-06-29T12:00:14 EEST" duration-ms="5511" status="PASS">
          <reporter-output>
          </reporter-output>
        </test-method> <!-- signInTest -->
      </class> <!-- org.example.SignInTest -->
    </test> <!-- Sign In test -->
  </suite> <!-- Sign In suite -->
</testng-results>
